[Gallus gallus (HQ857211)]
⚠️ ATP8 (9095..9260) sobrepõe ATP6 (9250..9934): 10 bp removidos do final de ATP8
⚠️ ATP6 (9250..9934) sobrepõe COIII (9933..10717): 1 bp removidos do final de ATP6
⚠️ ND4L (11207..11504) sobrepõe ND4 (11497..12875): 7 bp removidos do final de ND4L

[Latimeria chalumnae (NC_001804)]
⚠️ ATP8 (7943..8111) sobrepõe ATP6 (8101..8762): 10 bp removidos do final de ATP8
⚠️ ND4L (10037..10334) sobrepõe ND4 (10327..11708): 7 bp removidos do final de ND4L
⚠️ ND5 (11917..13753) sobrepõe ND6 (13750..14270): 3 bp removidos do final de ND5

[Anolis punctatus (NC_044125)]
⚠️ tRNA-Ile (3648..3718) sobrepõe tRNA-Gln (3716..3786): 2 bp removidos do final de tRNA-Ile
⚠️ tRNA-Gln (3716..3786) sobrepõe tRNA-Met (3785..3854): 1 bp removidos do final de tRNA-Gln
⚠️ COI (5266..6814) sobrepõe tRNA-Ser (6809..6880): 5 bp removidos do final de COI
⚠️ ATP8 (7706..7874) sobrepõe ATP6 (7864..8548): 10 bp removidos do final de ATP8
⚠️ ATP6 (7864..8548) sobrepõe COIII (8547..9331): 1 bp removidos do final de ATP6
⚠️ ND4L (9814..10111) sobrepõe ND4 (10104..11485): 7 bp removidos do final de ND4L
⚠️ tRNA-Ser (11554..11621) sobrepõe tRNA-Leu1 (11620..11691): 1 bp removidos do final de tRNA-Ser
⚠️ ND5 (11692..13492) sobrepõe ND6 (13487..14012): 5 bp removidos do final de ND5

[Homo sapiens (OL619831)]
⚠️ ATP8 (8571..8778) sobrepõe ATP6 (8732..9413): 46 bp removidos do final de ATP8
⚠️ ATP6 (8732..9413) sobrepõe COIII (9412..10196): 1 bp removidos do final de ATP6
⚠️ ND4L (10675..10972) sobrepõe ND4 (10965..12343): 7 bp removidos do final de ND4L

[Chrysemys dorsalis (OR253894)]
⚠️ ATP8 (7848..8037) sobrepõe ATP6 (8006..8690): 31 bp removidos do final de ATP8
⚠️ ATP6 (8006..8690) sobrepõe COIII (8689..9474): 1 bp removidos do final de ATP6
⚠️ ND4L (9962..10259) sobrepõe ND4 (10252..11633): 7 bp removidos do final de ND4L

